Using pre-set license
Built from '2021.3/staging' branch; Version is '2021.3.1f1 (3b70a0754835) revision 3895456'; Using compiler version '192829333'; Build Type 'Release'
OS: 'Windows 10  (10.0.19044) 64bit Professional' Language: 'tr' Physical Memory: 16319 MB
BatchMode: 1, IsHumanControllingUs: 0, StartBugReporterOnCrash: 0, Is64bit: 1, IsPro: 1

COMMAND LINE ARGUMENTS:
C:\Program Files\Unity\Hub\Editor\2021.3.1f1\Editor\Unity.exe
-adb2
-batchMode
-noUpm
-name
AssetImportWorker0
-projectPath
C:/Users/Kharalos/Desktop/Unity/castle-defense
-logFile
Logs/AssetImportWorker0.log
-srvPort
49790
Successfully changed project path to: C:/Users/Kharalos/Desktop/Unity/castle-defense
C:/Users/Kharalos/Desktop/Unity/castle-defense
[UnityMemory] Configuration Parameters - Can be set up in boot.config
    "memorysetup-bucket-allocator-granularity=16"
    "memorysetup-bucket-allocator-bucket-count=8"
    "memorysetup-bucket-allocator-block-size=33554432"
    "memorysetup-bucket-allocator-block-count=8"
    "memorysetup-main-allocator-block-size=16777216"
    "memorysetup-thread-allocator-block-size=16777216"
    "memorysetup-gfx-main-allocator-block-size=16777216"
    "memorysetup-gfx-thread-allocator-block-size=16777216"
    "memorysetup-cache-allocator-block-size=4194304"
    "memorysetup-typetree-allocator-block-size=2097152"
    "memorysetup-profiler-bucket-allocator-granularity=16"
    "memorysetup-profiler-bucket-allocator-bucket-count=8"
    "memorysetup-profiler-bucket-allocator-block-size=33554432"
    "memorysetup-profiler-bucket-allocator-block-count=8"
    "memorysetup-profiler-allocator-block-size=16777216"
    "memorysetup-profiler-editor-allocator-block-size=1048576"
    "memorysetup-temp-allocator-size-main=16777216"
    "memorysetup-job-temp-allocator-block-size=2097152"
    "memorysetup-job-temp-allocator-block-size-background=1048576"
    "memorysetup-job-temp-allocator-reduction-small-platforms=262144"
    "memorysetup-temp-allocator-size-background-worker=32768"
    "memorysetup-temp-allocator-size-job-worker=262144"
    "memorysetup-temp-allocator-size-preload-manager=33554432"
    "memorysetup-temp-allocator-size-nav-mesh-worker=65536"
    "memorysetup-temp-allocator-size-audio-worker=65536"
    "memorysetup-temp-allocator-size-cloud-worker=32768"
    "memorysetup-temp-allocator-size-gi-baking-worker=262144"
    "memorysetup-temp-allocator-size-gfx=262144"
Refreshing native plugins compatible for Editor in 102.14 ms, found 0 plugins.
Preloading 0 native plugins for Editor in 0.00 ms.
Initialize engine version: 2021.3.1f1 (3b70a0754835)
[Subsystems] Discovering subsystems at path C:/Program Files/Unity/Hub/Editor/2021.3.1f1/Editor/Data/Resources/UnitySubsystems
[Subsystems] Discovering subsystems at path C:/Users/Kharalos/Desktop/Unity/castle-defense/Assets
GfxDevice: creating device client; threaded=0; jobified=0
Direct3D:
    Version:  Direct3D 11.0 [level 11.1]
    Renderer: NVIDIA GeForce GTX 1660 Ti (ID=0x2182)
    Vendor:   NVIDIA
    VRAM:     5991 MB
    Driver:   30.0.15.1215
Initialize mono
Mono path[0] = 'C:/Program Files/Unity/Hub/Editor/2021.3.1f1/Editor/Data/Managed'
Mono path[1] = 'C:/Program Files/Unity/Hub/Editor/2021.3.1f1/Editor/Data/MonoBleedingEdge/lib/mono/unityjit-win32'
Mono config path = 'C:/Program Files/Unity/Hub/Editor/2021.3.1f1/Editor/Data/MonoBleedingEdge/etc'
Using monoOptions --debugger-agent=transport=dt_socket,embedding=1,server=y,suspend=n,address=127.0.0.1:56824
Begin MonoManager ReloadAssembly
Registering precompiled unity dll's ...
Register platform support module: C:/Program Files/Unity/Hub/Editor/2021.3.1f1/Editor/Data/PlaybackEngines/WebGLSupport/UnityEditor.WebGL.Extensions.dll
Register platform support module: C:/Program Files/Unity/Hub/Editor/2021.3.1f1/Editor/Data/PlaybackEngines/AndroidPlayer/UnityEditor.Android.Extensions.dll
Register platform support module: C:/Program Files/Unity/Hub/Editor/2021.3.1f1/Editor/Data/PlaybackEngines/WindowsStandaloneSupport/UnityEditor.WindowsStandalone.Extensions.dll
Registered in 0.022609 seconds.
Native extension for WindowsStandalone target not found
Native extension for Android target not found
Native extension for WebGL target not found
Refreshing native plugins compatible for Editor in 78.02 ms, found 0 plugins.
Preloading 0 native plugins for Editor in 0.00 ms.
Mono: successfully reloaded assembly
- Completed reload, in  1.193 seconds
Domain Reload Profiling:
	ReloadAssembly (1194ms)
		BeginReloadAssembly (121ms)
			ExecutionOrderSort (0ms)
			DisableScriptedObjects (0ms)
			BackupInstance (0ms)
			ReleaseScriptingObjects (0ms)
			CreateAndSetChildDomain (1ms)
		EndReloadAssembly (870ms)
			LoadAssemblies (117ms)
			RebuildTransferFunctionScriptingTraits (0ms)
			SetupTypeCache (245ms)
			ReleaseScriptCaches (0ms)
			RebuildScriptCaches (54ms)
			SetupLoadedEditorAssemblies (441ms)
				LogAssemblyErrors (0ms)
				InitializePlatformSupportModulesInManaged (113ms)
				SetLoadedEditorAssemblies (1ms)
				RefreshPlugins (78ms)
				BeforeProcessingInitializeOnLoad (2ms)
				ProcessInitializeOnLoadAttributes (164ms)
				ProcessInitializeOnLoadMethodAttributes (83ms)
				AfterProcessingInitializeOnLoad (0ms)
				EditorAssembliesLoaded (0ms)
			ExecutionOrderSort2 (0ms)
			AwakeInstancesAfterBackupRestoration (0ms)
Platform modules already initialized, skipping
Registering precompiled user dll's ...
Registered in 0.007579 seconds.
Begin MonoManager ReloadAssembly
Native extension for WindowsStandalone target not found
Native extension for Android target not found
Native extension for WebGL target not found
Refreshing native plugins compatible for Editor in 1.10 ms, found 0 plugins.
Preloading 0 native plugins for Editor in 0.00 ms.
Mono: successfully reloaded assembly
- Completed reload, in  1.796 seconds
Domain Reload Profiling:
	ReloadAssembly (1798ms)
		BeginReloadAssembly (342ms)
			ExecutionOrderSort (0ms)
			DisableScriptedObjects (9ms)
			BackupInstance (0ms)
			ReleaseScriptingObjects (0ms)
			CreateAndSetChildDomain (153ms)
		EndReloadAssembly (1195ms)
			LoadAssemblies (153ms)
			RebuildTransferFunctionScriptingTraits (0ms)
			SetupTypeCache (257ms)
			ReleaseScriptCaches (1ms)
			RebuildScriptCaches (70ms)
			SetupLoadedEditorAssemblies (655ms)
				LogAssemblyErrors (0ms)
				InitializePlatformSupportModulesInManaged (35ms)
				SetLoadedEditorAssemblies (1ms)
				RefreshPlugins (1ms)
				BeforeProcessingInitializeOnLoad (112ms)
				ProcessInitializeOnLoadAttributes (431ms)
				ProcessInitializeOnLoadMethodAttributes (51ms)
				AfterProcessingInitializeOnLoad (24ms)
				EditorAssembliesLoaded (0ms)
			ExecutionOrderSort2 (0ms)
			AwakeInstancesAfterBackupRestoration (12ms)
Platform modules already initialized, skipping
========================================================================
Worker process is ready to serve import requests
Launched and connected shader compiler UnityShaderCompiler.exe after 0.11 seconds
Refreshing native plugins compatible for Editor in 1.15 ms, found 0 plugins.
Preloading 0 native plugins for Editor in 0.00 ms.
Unloading 1461 Unused Serialized files (Serialized files now loaded: 0)
Unloading 68 unused Assets / (58.0 KB). Loaded Objects now: 1940.
Memory consumption went from 166.7 MB to 166.6 MB.
Total: 4.436100 ms (FindLiveObjects: 0.259800 ms CreateObjectMapping: 0.148800 ms MarkObjects: 3.875100 ms  DeleteObjects: 0.151200 ms)

AssetImportParameters requested are different than current active one (requested -> active):
  custom:video-decoder-ogg-theora: a1e56fd34408186e4bbccfd4996cb3dc -> 
  custom:container-muxer-webm: aa71ff27fc2769a1b78a27578f13a17b -> 
  custom:container-demuxer-webm: 4f35f7cbe854078d1ac9338744f61a02 -> 
  custom:video-encoder-webm-vp8: eb34c28f22e8b96e1ab97ce403110664 -> 
  custom:audio-encoder-webm-vorbis: bf7c407c2cedff20999df2af8eb42d56 -> 
  custom:framework-win-MediaFoundation: 216162199b28c13a410421893ffa2e32 -> 
  custom:container-demuxer-ogg: 62fdf1f143b41e24485cea50d1cbac27 -> 
  custom:video-decoder-webm-vp8: 9c59270c3fd7afecdb556c50c9e8de78 -> 
  custom:audio-decoder-ogg-vorbis: bf7c407c2cedff20999df2af8eb42d56 -> 
========================================================================
Received Import Request.
  Time since last request: 198294.282027 seconds.
  path: Assets/SFXs/project castledefensegamemaintheme.mp3
  artifactKey: Guid(9200195887047e74f8146ed3a73c1813) Importer(2089858483,934ff659095e30574adcf32a4c2f97b5)
Start importing Assets/SFXs/project castledefensegamemaintheme.mp3 using Guid(9200195887047e74f8146ed3a73c1813) Importer(2089858483,934ff659095e30574adcf32a4c2f97b5)  -> (artifact id: 'ee9adc0d5695c55e6225ad1342fa9ac4') in 0.226826 seconds 
========================================================================
Received Import Request.
  Time since last request: 0.000037 seconds.
  path: Assets/SFXs/spitfirestudiostrings test1.mp3
  artifactKey: Guid(511fa09a01b90c64ba3f6d2ffc9472ce) Importer(2089858483,934ff659095e30574adcf32a4c2f97b5)
Start importing Assets/SFXs/spitfirestudiostrings test1.mp3 using Guid(511fa09a01b90c64ba3f6d2ffc9472ce) Importer(2089858483,934ff659095e30574adcf32a4c2f97b5)  -> (artifact id: 'a04df531837b80cb597ef1874edb2057') in 0.020452 seconds 
========================================================================
Received Import Request.
  Time since last request: 0.000035 seconds.
  path: Assets/SFXs/healsfxAmajor.mp3
  artifactKey: Guid(1963dfcbe3d97384c896e0a5f113c684) Importer(2089858483,934ff659095e30574adcf32a4c2f97b5)
Start importing Assets/SFXs/healsfxAmajor.mp3 using Guid(1963dfcbe3d97384c896e0a5f113c684) Importer(2089858483,934ff659095e30574adcf32a4c2f97b5)  -> (artifact id: '96171416dd1a3aed16c8e7cc78f944fe') in 0.017659 seconds 
========================================================================
Received Import Request.
  Time since last request: 0.000024 seconds.
  path: Assets/SFXs/healsfxCmajor.mp3
  artifactKey: Guid(731b7319bf865ca4ba396d211a4f1a69) Importer(2089858483,934ff659095e30574adcf32a4c2f97b5)
Start importing Assets/SFXs/healsfxCmajor.mp3 using Guid(731b7319bf865ca4ba396d211a4f1a69) Importer(2089858483,934ff659095e30574adcf32a4c2f97b5)  -> (artifact id: '1904c3483b7e11e1f9b5b331acce8961') in 0.016686 seconds 
========================================================================
Received Import Request.
  Time since last request: 0.000033 seconds.
  path: Assets/Editor/MediationAdapterDependencies.xml
  artifactKey: Guid(5339909c7252e03449eb27d3c5642ffc) Importer(2089858483,934ff659095e30574adcf32a4c2f97b5)
Start importing Assets/Editor/MediationAdapterDependencies.xml using Guid(5339909c7252e03449eb27d3c5642ffc) Importer(2089858483,934ff659095e30574adcf32a4c2f97b5)  -> (artifact id: '2debf8ddf19d88e4ea28b591b6c61651') in 0.038468 seconds 
========================================================================
Received Import Request.
  Time since last request: 0.000041 seconds.
  path: Assets/3D Assets/Hero/hero 3d.fbx
  artifactKey: Guid(4402e00a2cc74c44a8b26bf0a95b9cae) Importer(2089858483,934ff659095e30574adcf32a4c2f97b5)
Start importing Assets/3D Assets/Hero/hero 3d.fbx using Guid(4402e00a2cc74c44a8b26bf0a95b9cae) Importer(2089858483,934ff659095e30574adcf32a4c2f97b5)  -> (artifact id: 'd41d7f5e5e68184afa28908317e362ee') in 0.060745 seconds 
========================================================================
Received Import Request.
  Time since last request: 0.000025 seconds.
  path: Assets/3D Assets/Powerups/Gold Coin.fbx
  artifactKey: Guid(ffdf1184a338a574a9dbceb91a0749c1) Importer(2089858483,934ff659095e30574adcf32a4c2f97b5)
Start importing Assets/3D Assets/Powerups/Gold Coin.fbx using Guid(ffdf1184a338a574a9dbceb91a0749c1) Importer(2089858483,934ff659095e30574adcf32a4c2f97b5)  -> (artifact id: '225f32744fec171d886791d2c7869eef') in 0.019013 seconds 
========================================================================
Received Import Request.
  Time since last request: 0.000030 seconds.
  path: Assets/Scripts/ShopController.cs
  artifactKey: Guid(dd2cea9f05adc0f4ca93952b46c4b3ca) Importer(2089858483,934ff659095e30574adcf32a4c2f97b5)
Start importing Assets/Scripts/ShopController.cs using Guid(dd2cea9f05adc0f4ca93952b46c4b3ca) Importer(2089858483,934ff659095e30574adcf32a4c2f97b5)  -> (artifact id: 'ca89a43573433faff3faf69577a73b13') in 0.021842 seconds 
========================================================================
Received Import Request.
  Time since last request: 0.000031 seconds.
  path: Assets/Scripts/Sound.cs
  artifactKey: Guid(37669dfb8452db14b84baf141b6536bc) Importer(2089858483,934ff659095e30574adcf32a4c2f97b5)
Start importing Assets/Scripts/Sound.cs using Guid(37669dfb8452db14b84baf141b6536bc) Importer(2089858483,934ff659095e30574adcf32a4c2f97b5)  -> (artifact id: '9e9ed9dd37584efe5eebd36e19e485f0') in 0.014413 seconds 
========================================================================
Received Import Request.
  Time since last request: 0.000032 seconds.
  path: Assets/SFXs/healsfxG#major.mp3
  artifactKey: Guid(d10300f3c5c74da46a3121b6d1fa6e33) Importer(2089858483,934ff659095e30574adcf32a4c2f97b5)
Start importing Assets/SFXs/healsfxG#major.mp3 using Guid(d10300f3c5c74da46a3121b6d1fa6e33) Importer(2089858483,934ff659095e30574adcf32a4c2f97b5)  -> (artifact id: '1022e54d1e58dd4bca372669b9c25dbf') in 0.016891 seconds 
========================================================================
Received Import Request.
  Time since last request: 0.000033 seconds.
  path: Assets/3D Assets/Powerups/Health.fbx
  artifactKey: Guid(aa980327ae48c6645b03dde58058f781) Importer(2089858483,934ff659095e30574adcf32a4c2f97b5)
Start importing Assets/3D Assets/Powerups/Health.fbx using Guid(aa980327ae48c6645b03dde58058f781) Importer(2089858483,934ff659095e30574adcf32a4c2f97b5)  -> (artifact id: '5fc86564a0d06c0b855925cd9ac681e0') in 0.018759 seconds 
========================================================================
Received Import Request.
  Time since last request: 0.000027 seconds.
  path: Assets/Materials/Hero/BlueHeroMat.mat
  artifactKey: Guid(7e6e183f83380e740a7145e7ee1ac51b) Importer(2089858483,934ff659095e30574adcf32a4c2f97b5)
Start importing Assets/Materials/Hero/BlueHeroMat.mat using Guid(7e6e183f83380e740a7145e7ee1ac51b) Importer(2089858483,934ff659095e30574adcf32a4c2f97b5)  -> (artifact id: '7d98827086647b90f270230e02e081f7') in 0.019972 seconds 
========================================================================
Received Import Request.
  Time since last request: 0.000028 seconds.
  path: Assets/Materials/Archer/ArcherFeatherMat.mat
  artifactKey: Guid(17d4ebd6fd4b8304e8cc1a5b99dd7a90) Importer(2089858483,934ff659095e30574adcf32a4c2f97b5)
Start importing Assets/Materials/Archer/ArcherFeatherMat.mat using Guid(17d4ebd6fd4b8304e8cc1a5b99dd7a90) Importer(2089858483,934ff659095e30574adcf32a4c2f97b5)  -> (artifact id: '1abfe205f76e8d27cd150775f25bfa31') in 0.014278 seconds 
========================================================================
Received Import Request.
  Time since last request: 0.000026 seconds.
  path: Assets/3D Assets/3D Scene Assets/ShopPanelRight.anim
  artifactKey: Guid(f86060a4580e3fb4ebbeceba1381975c) Importer(2089858483,934ff659095e30574adcf32a4c2f97b5)
Start importing Assets/3D Assets/3D Scene Assets/ShopPanelRight.anim using Guid(f86060a4580e3fb4ebbeceba1381975c) Importer(2089858483,934ff659095e30574adcf32a4c2f97b5)  -> (artifact id: '60f5301053517ccfe0c50f65154b18e4') in 0.017531 seconds 
========================================================================
Received Import Request.
  Time since last request: 0.000026 seconds.
  path: Assets/Scripts/AudioManager.cs
  artifactKey: Guid(9f4c634614ca0c843bf6a1e1c8d264da) Importer(2089858483,934ff659095e30574adcf32a4c2f97b5)
Start importing Assets/Scripts/AudioManager.cs using Guid(9f4c634614ca0c843bf6a1e1c8d264da) Importer(2089858483,934ff659095e30574adcf32a4c2f97b5)  -> (artifact id: 'b96797dedae2c623f8012cd2f01ac375') in 0.013965 seconds 
========================================================================
Received Import Request.
  Time since last request: 0.000021 seconds.
  path: Assets/3D Assets/3D Scene Assets/Rotation.anim
  artifactKey: Guid(9ee3984972bc52942b35d6e819bd2272) Importer(2089858483,934ff659095e30574adcf32a4c2f97b5)
Start importing Assets/3D Assets/3D Scene Assets/Rotation.anim using Guid(9ee3984972bc52942b35d6e819bd2272) Importer(2089858483,934ff659095e30574adcf32a4c2f97b5)  -> (artifact id: '1e4c182c7816a5ffe9304bfe7ff129e8') in 0.012975 seconds 
========================================================================
Received Import Request.
  Time since last request: 0.000026 seconds.
  path: Assets/Materials/Archer/ArcherBodyMat.mat
  artifactKey: Guid(3c693e2a25ba180488b8326dae5fed2f) Importer(2089858483,934ff659095e30574adcf32a4c2f97b5)
Start importing Assets/Materials/Archer/ArcherBodyMat.mat using Guid(3c693e2a25ba180488b8326dae5fed2f) Importer(2089858483,934ff659095e30574adcf32a4c2f97b5)  -> (artifact id: '0818e0b76a92c60747713cf509ab7829') in 0.015883 seconds 
========================================================================
Received Import Request.
  Time since last request: 0.000025 seconds.
  path: Assets/Materials/Health/Mat_Health_002.mat
  artifactKey: Guid(85b042d53a20dee45af328579c6b3931) Importer(2089858483,934ff659095e30574adcf32a4c2f97b5)
Start importing Assets/Materials/Health/Mat_Health_002.mat using Guid(85b042d53a20dee45af328579c6b3931) Importer(2089858483,934ff659095e30574adcf32a4c2f97b5)  -> (artifact id: 'e0fac8ac81d23b35a42f144ef00d9edc') in 0.014631 seconds 
========================================================================
Received Import Request.
  Time since last request: 0.000023 seconds.
  path: Assets/3D Assets/Archer/TakenArrowAnimation.anim
  artifactKey: Guid(1c61d94df67ec1f4bb28b55be41f88a8) Importer(2089858483,934ff659095e30574adcf32a4c2f97b5)
Start importing Assets/3D Assets/Archer/TakenArrowAnimation.anim using Guid(1c61d94df67ec1f4bb28b55be41f88a8) Importer(2089858483,934ff659095e30574adcf32a4c2f97b5)  -> (artifact id: '243c8d049c20c8ffc047b17f2527e9d6') in 0.013521 seconds 
